<?xml version="1.0" encoding="UTF-8"?>
<testsuite xmlns:xsi="http://www.w3.org/2001/XMLSchema-instance" xsi:noNamespaceSchemaLocation="https://maven.apache.org/surefire/maven-surefire-plugin/xsd/surefire-test-report.xsd" version="3.0.2" name="com.projectiq.mcp.ProjectIqMcpServerApplicationTest" time="2.67" tests="3" errors="0" skipped="0" failures="0">
  <properties>
[...]
</properties>
  <testcase name="pingToolBeanShouldBeRegistered" classname="com.projectiq.mcp.ProjectIqMcpServerApplicationTest" time="0.485">
    <system-out><![CDATA[03:20:42.995 [main] INFO org.springframework.test.context.support.AnnotationConfigContextLoaderUtils -- Could not detect default configuration classes for test class [com.projectiq.mcp.ProjectIqMcpServerApplicationTest]: ProjectIqMcpServerApplicationTest does not declare any static, non-private, non-final, nested classes annotated with @Configuration.
03:20:43.080 [main] INFO org.springframework.boot.test.context.SpringBootTestContextBootstrapper -- Found @SpringBootConfiguration com.projectiq.mcp.ProjectIqMcpServerApplication for test class com.projectiq.mcp.ProjectIqMcpServerApplicationTest

  .   ____          _            __ _ _
 /\\ / ___'_ __ _ _(_)_ __  __ _ \ \ \ \
( ( )\___ | '_ | '_| | '_ \/ _` | \ \ \ \
 \\/  ___)| |_)| | | | | || (_| |  ) ) ) )
  '  |____| .__|_| |_|_| |_\__, | / / / /
 =========|_|==============|___/=/_/_/_/

 :: Spring Boot ::                (v3.4.1)

2026-07-24 03:20:43 [main] INFO  c.p.m.ProjectIqMcpServerApplicationTest - Starting ProjectIqMcpServerApplicationTest using Java 21.0.11 with PID 8528 (started by parde in C:\Development\Intellij_Project\indexer-mcp)
2026-07-24 03:20:43 [main] DEBUG c.p.m.ProjectIqMcpServerApplicationTest - Running with Spring Boot v3.4.1, Spring v6.2.1
2026-07-24 03:20:43 [main] INFO  c.p.m.ProjectIqMcpServerApplicationTest - No active profile set, falling back to 1 default profile: "default"
2026-07-24 03:20:44 [main] INFO  o.s.a.m.s.a.McpServerAutoConfiguration - Enable tools capabilities, notification: true
2026-07-24 03:20:44 [main] INFO  o.s.a.m.s.a.McpServerAutoConfiguration - Registered tools: 1
2026-07-24 03:20:44 [main] INFO  o.s.a.m.s.a.McpServerAutoConfiguration - Enable resources capabilities, notification: true
2026-07-24 03:20:44 [main] INFO  o.s.a.m.s.a.McpServerAutoConfiguration - Enable prompts capabilities, notification: true
2026-07-24 03:20:44 [main] INFO  o.s.a.m.s.a.McpServerAutoConfiguration - Enable completions capabilities
2026-07-24 03:20:44 [main] INFO  o.s.b.a.e.web.EndpointLinksResolver - Exposing 3 endpoints beneath base path '/actuator'
2026-07-24 03:20:44 [main] INFO  c.p.m.ProjectIqMcpServerApplicationTest - Started ProjectIqMcpServerApplicationTest in 1.816 seconds (process running for 2.507)
]]></system-out>
    <system-err><![CDATA[Mockito is currently self-attaching to enable the inline-mock-maker. This will no longer work in future releases of the JDK. Please add Mockito as an agent to your build what is described in Mockito's documentation: https://javadoc.io/doc/org.mockito/mockito-core/latest/org/mockito/Mockito.html#0.3
WARNING: A Java agent has been loaded dynamically (C:\Users\parde\.m2\repository\net\bytebuddy\byte-buddy-agent\1.15.11\byte-buddy-agent-1.15.11.jar)
WARNING: If a serviceability tool is in use, please run with -XX:+EnableDynamicAgentLoading to hide this warning
WARNING: If a serviceability tool is not in use, please run with -Djdk.instrument.traceUsage for more information
WARNING: Dynamic loading of agents will be disallowed by default in a future release
]]></system-err>
  </testcase>
  <testcase name="pingToolShouldReturnPong" classname="com.projectiq.mcp.ProjectIqMcpServerApplicationTest" time="0.004"/>
  <testcase name="contextLoads" classname="com.projectiq.mcp.ProjectIqMcpServerApplicationTest" time="0.002"/>
</testsuite>